<?xml version="1.0" encoding="UTF-8"?>
<!-- Generated by org.testng.reporters.JUnitXMLReporter -->
<testsuite ignored="0" hostname="USPUNKAINGAL12" failures="1" tests="5" name="Test" time="154.871" errors="0" timestamp="2025-07-09T15:35:21 IST">
  <testcase classname="com.tests.scenario6.TC_01_DDT_ValidateLoginWithValidAndInvalidCredDataSet" name="verifyLoginDDT" time="15.337"/>
  <testcase classname="com.tests.scenario6.TC_01_DDT_ValidateLoginWithValidAndInvalidCredDataSet" name="verifyLoginDDT" time="11.338"/>
  <testcase classname="com.tests.scenario6.TC_01_DDT_ValidateLoginWithValidAndInvalidCredDataSet" name="verifyLoginDDT" time="11.969"/>
  <testcase classname="com.tests.scenario6.TC_01_DDT_ValidateLoginWithValidAndInvalidCredDataSet" name="verifyLoginDDT" time="14.953"/>
  <testcase classname="com.tests.scenario6.TC_01_DDT_ValidateLoginWithValidAndInvalidCredDataSet" name="verifyLoginDDT" time="50.691">
    <failure type="java.lang.RuntimeException" message="Test execution failed!">
      <![CDATA[java.lang.RuntimeException: Test execution failed!
at com.tests.scenario6.TC_01_DDT_ValidateLoginWithValidAndInvalidCredDataSet.verifyLoginDDT(TC_01_DDT_ValidateLoginWithValidAndInvalidCredDataSet.java:110)
at java.base/java.util.ArrayList.forEach(ArrayList.java:1596)
Caused by: org.openqa.selenium.TimeoutException: Expected condition failed: waiting for visibility of Proxy element for: AjaxElementLocator 'By.xpath: //div[contains(text(),'The account sign-in was incorrect or your account is disabled temporarily. Please wait and try again later.')]' (tried for 20 second(s) with 500 milliseconds interval)
at org.openqa.selenium.support.ui.WebDriverWait.timeoutException(WebDriverWait.java:84)
at org.openqa.selenium.support.ui.FluentWait.until(FluentWait.java:228)
at com.pageObjects.BasePage.waitForVisibility(BasePage.java:59)
at com.pageObjects.LoginPage.isSignInErrorMsgDisplayed(LoginPage.java:59)
at com.tests.scenario6.TC_01_DDT_ValidateLoginWithValidAndInvalidCredDataSet.verifyLoginDDT(TC_01_DDT_ValidateLoginWithValidAndInvalidCredDataSet.java:97)
... 30 more
Caused by: org.openqa.selenium.NoSuchElementException: Timed out after 15 seconds. Unable to locate the element
at org.openqa.selenium.support.pagefactory.AjaxElementLocator.findElement(AjaxElementLocator.java:91)
at org.openqa.selenium.support.pagefactory.internal.LocatingElementHandler.invoke(LocatingElementHandler.java:38)
at jdk.proxy2/jdk.proxy2.$Proxy32.isDisplayed(Unknown Source)
at org.openqa.selenium.support.ui.ExpectedConditions.elementIfVisible(ExpectedConditions.java:304)
at org.openqa.selenium.support.ui.ExpectedConditions$10.apply(ExpectedConditions.java:290)
at org.openqa.selenium.support.ui.ExpectedConditions$10.apply(ExpectedConditions.java:287)
at org.openqa.selenium.support.ui.FluentWait.until(FluentWait.java:203)
... 33 more
Caused by: org.openqa.selenium.NoSuchElementException: no such element: Unable to locate element: {"method":"xpath","selector":"//div[contains(text(),'The account sign-in was incorrect or your account is disabled temporarily. Please wait and try again later.')]"}
  (Session info: chrome=137.0.7151.122)
For documentation on this error, please visit: https://www.selenium.dev/documentation/webdriver/troubleshooting/errors#no-such-element-exception
Build info: version: '4.33.0', revision: '2c6aaad03a'
System info: os.name: 'Windows 11', os.arch: 'amd64', os.version: '10.0', java.version: '21.0.7'
Driver info: org.openqa.selenium.chrome.ChromeDriver
Command: [c2adcdbbedef8a01792791425f788b06, findElement {value=//div[contains(text(),'The account sign-in was incorrect or your account is disabled temporarily. Please wait and try again later.')], using=xpath}]
Capabilities {acceptInsecureCerts: false, browserName: chrome, browserVersion: 137.0.7151.122, chrome: {chromedriverVersion: 137.0.7151.119 (e0ac9d12dff..., userDataDir: C:\Users\kaingale\AppData\L...}, fedcm:accounts: true, goog:chromeOptions: {debuggerAddress: localhost:65337}, networkConnectionEnabled: false, pageLoadStrategy: normal, platformName: windows, proxy: Proxy(), se:cdp: ws://localhost:65337/devtoo..., se:cdpVersion: 137.0.7151.122, setWindowRect: true, strictFileInteractability: false, timeouts: {implicit: 0, pageLoad: 300000, script: 30000}, unhandledPromptBehavior: dismiss and notify, webauthn:extension:credBlob: true, webauthn:extension:largeBlob: true, webauthn:extension:minPinLength: true, webauthn:extension:prf: true, webauthn:virtualAuthenticators: true}
Session ID: c2adcdbbedef8a01792791425f788b06
at org.openqa.selenium.remote.ErrorCodec.decode(ErrorCodec.java:167)
at org.openqa.selenium.remote.codec.w3c.W3CHttpResponseCodec.decode(W3CHttpResponseCodec.java:138)
at org.openqa.selenium.remote.codec.w3c.W3CHttpResponseCodec.decode(W3CHttpResponseCodec.java:50)
at org.openqa.selenium.remote.HttpCommandExecutor.execute(HttpCommandExecutor.java:215)
at org.openqa.selenium.remote.service.DriverCommandExecutor.invokeExecute(DriverCommandExecutor.java:216)
at org.openqa.selenium.remote.service.DriverCommandExecutor.execute(DriverCommandExecutor.java:174)
at org.openqa.selenium.remote.RemoteWebDriver.execute(RemoteWebDriver.java:544)
at org.openqa.selenium.remote.ElementLocation$ElementFinder$2.findElement(ElementLocation.java:165)
at org.openqa.selenium.remote.ElementLocation.findElement(ElementLocation.java:59)
at org.openqa.selenium.remote.RemoteWebDriver.findElement(RemoteWebDriver.java:367)
at org.openqa.selenium.remote.RemoteWebDriver.findElement(RemoteWebDriver.java:361)
at org.openqa.selenium.support.pagefactory.DefaultElementLocator.findElement(DefaultElementLocator.java:68)
at org.openqa.selenium.support.pagefactory.AjaxElementLocator.access$001(AjaxElementLocator.java:39)
at org.openqa.selenium.support.pagefactory.AjaxElementLocator$SlowLoadingElement.isLoaded(AjaxElementLocator.java:157)
at org.openqa.selenium.support.ui.SlowLoadableComponent.get(SlowLoadableComponent.java:71)
at org.openqa.selenium.support.pagefactory.AjaxElementLocator.findElement(AjaxElementLocator.java:87)
... 39 more
... Removed 32 stack frames]]>
    </failure>
  </testcase> <!-- verifyLoginDDT -->
</testsuite> <!-- Test -->
