<?xml version="1.0" encoding="UTF-8"?>
<!-- Generated by org.testng.reporters.JUnitXMLReporter -->
<testsuite ignored="0" hostname="USPUNKAINGAL12" failures="3" tests="10" name="Test" time="444.424" errors="0" timestamp="2025-07-09T15:02:53 IST">
  <testcase classname="com.tests.scenario1.TC_001_RegistrationFunc_ValidCredRegistrationOnlyMandatoryFieldsTest" name="verifyAccRegWithMandatoryFieldsOnly" time="9.434"/>
  <testcase classname="com.tests.scenario1.TC_002_RegistrationFunc_DuplicateCredRegistrationOnlyMandatoryFieldsTest" name="verifyAccRegWithMandatoryFieldsOnly" time="7.672"/>
  <testcase classname="com.tests.scenario2.TC_01_LoginFunc_LoginUsingValidCredsTest" name="verifyLoginUsingValidCreds" time="9.244"/>
  <testcase classname="com.tests.scenario2.TC_02_LoginFunc_LoginUsingInValidCredsTest" name="verifyLoginUsingInValidCreds" time="85.904">
    <failure type="java.lang.AssertionError" message="null">
      <![CDATA[java.lang.AssertionError: null
at com.tests.scenario2.TC_02_LoginFunc_LoginUsingInValidCredsTest.verifyLoginUsingInValidCreds(TC_02_LoginFunc_LoginUsingInValidCredsTest.java:37)
at java.base/java.util.ArrayList.forEach(ArrayList.java:1596)
... Removed 31 stack frames]]>
    </failure>
  </testcase> <!-- verifyLoginUsingInValidCreds -->
  <testcase classname="com.tests.scenario3.TC_01_ProdSearchFunc_ProductSearchValidationTest" name="verifyProductSearchFunctionalityTest" time="4.778"/>
  <testcase classname="com.tests.scenario4.TC_01_CartFunc_ValidateAddToCartFunctionalityTest" name="verifyAddToCartFunctionalityTest" time="30.811"/>
  <testcase classname="com.tests.scenario5.TC_01_ChkOutFunc_ValidateCheckoutFunctionalityTest" name="verifyCheckoutFunctionlity" time="59.463">
    <failure type="java.lang.AssertionError" message="Test failed! details mismatch.. expected [true] but found [false]">
      <![CDATA[java.lang.AssertionError: Test failed! details mismatch.. expected [true] but found [false]
at com.tests.scenario5.TC_01_ChkOutFunc_ValidateCheckoutFunctionalityTest.verifyCheckoutFunctionlity(TC_01_ChkOutFunc_ValidateCheckoutFunctionalityTest.java:55)
at java.base/java.util.ArrayList.forEach(ArrayList.java:1596)
... Removed 32 stack frames]]>
    </failure>
  </testcase> <!-- verifyCheckoutFunctionlity -->
  <testcase classname="com.tests.scenario10.TC_01_AdvFilteringFunc_ValidAdvancedProductFilteringFunctionalityTest" name="verifyAdvancedFiltering" time="23.649"/>
  <testcase classname="com.tests.scenario12.TC_01_OrderHistoryFunc_ValidateOrderHistoryDetailsTest" name="verifyOrdersInOrderHistory" time="17.617"/>
  <testcase classname="com.tests.scenario11.TC_01_AccUpdateFunc_ValidateAccountDetailsUpdationTest" name="verifyAccUpdateFunctionality" time="86.287">
    <failure type="java.lang.RuntimeException" message="Test execution failed!">
      <![CDATA[java.lang.RuntimeException: Test execution failed!
at com.tests.scenario11.TC_01_AccUpdateFunc_ValidateAccountDetailsUpdationTest.verifyAccUpdateFunctionality(TC_01_AccUpdateFunc_ValidateAccountDetailsUpdationTest.java:59)
at java.base/java.util.ArrayList.forEach(ArrayList.java:1596)
Caused by: org.openqa.selenium.TimeoutException: Expected condition failed: waiting for visibility of Proxy element for: AjaxElementLocator 'By.cssSelector: span[aria-expanded='false'] .switch' (tried for 20 second(s) with 500 milliseconds interval)
at org.openqa.selenium.support.ui.WebDriverWait.timeoutException(WebDriverWait.java:84)
at org.openqa.selenium.support.ui.FluentWait.until(FluentWait.java:228)
at com.pageObjects.BasePage.waitForVisibility(BasePage.java:59)
at com.pageObjects.HomePage.clickOnDrpDwnArrowNextToWelecomMsg(HomePage.java:118)
at com.tests.scenario11.TC_01_AccUpdateFunc_ValidateAccountDetailsUpdationTest.verifyAccUpdateFunctionality(TC_01_AccUpdateFunc_ValidateAccountDetailsUpdationTest.java:34)
... 30 more
Caused by: org.openqa.selenium.NoSuchElementException: Timed out after 15 seconds. Unable to locate the element
at org.openqa.selenium.support.pagefactory.AjaxElementLocator.findElement(AjaxElementLocator.java:91)
at org.openqa.selenium.support.pagefactory.internal.LocatingElementHandler.invoke(LocatingElementHandler.java:38)
at jdk.proxy2/jdk.proxy2.$Proxy29.isDisplayed(Unknown Source)
at org.openqa.selenium.support.ui.ExpectedConditions.elementIfVisible(ExpectedConditions.java:304)
at org.openqa.selenium.support.ui.ExpectedConditions$10.apply(ExpectedConditions.java:290)
at org.openqa.selenium.support.ui.ExpectedConditions$10.apply(ExpectedConditions.java:287)
at org.openqa.selenium.support.ui.FluentWait.until(FluentWait.java:203)
... 33 more
Caused by: org.openqa.selenium.NoSuchElementException: no such element: Unable to locate element: {"method":"css selector","selector":"span[aria-expanded='false'] .switch"}
  (Session info: chrome=137.0.7151.122)
For documentation on this error, please visit: https://www.selenium.dev/documentation/webdriver/troubleshooting/errors#no-such-element-exception
Build info: version: '4.33.0', revision: '2c6aaad03a'
System info: os.name: 'Windows 11', os.arch: 'amd64', os.version: '10.0', java.version: '21.0.7'
Driver info: org.openqa.selenium.chrome.ChromeDriver
Command: [4e03c64f896293d66506eb65f10c310d, findElement {value=span[aria-expanded='false'] .switch, using=css selector}]
Capabilities {acceptInsecureCerts: false, browserName: chrome, browserVersion: 137.0.7151.122, chrome: {chromedriverVersion: 137.0.7151.119 (e0ac9d12dff..., userDataDir: C:\Users\kaingale\AppData\L...}, fedcm:accounts: true, goog:chromeOptions: {debuggerAddress: localhost:63319}, networkConnectionEnabled: false, pageLoadStrategy: normal, platformName: windows, proxy: Proxy(), se:cdp: ws://localhost:63319/devtoo..., se:cdpVersion: 137.0.7151.122, setWindowRect: true, strictFileInteractability: false, timeouts: {implicit: 0, pageLoad: 300000, script: 30000}, unhandledPromptBehavior: dismiss and notify, webauthn:extension:credBlob: true, webauthn:extension:largeBlob: true, webauthn:extension:minPinLength: true, webauthn:extension:prf: true, webauthn:virtualAuthenticators: true}
Session ID: 4e03c64f896293d66506eb65f10c310d
at org.openqa.selenium.remote.ErrorCodec.decode(ErrorCodec.java:167)
at org.openqa.selenium.remote.codec.w3c.W3CHttpResponseCodec.decode(W3CHttpResponseCodec.java:138)
at org.openqa.selenium.remote.codec.w3c.W3CHttpResponseCodec.decode(W3CHttpResponseCodec.java:50)
at org.openqa.selenium.remote.HttpCommandExecutor.execute(HttpCommandExecutor.java:215)
at org.openqa.selenium.remote.service.DriverCommandExecutor.invokeExecute(DriverCommandExecutor.java:216)
at org.openqa.selenium.remote.service.DriverCommandExecutor.execute(DriverCommandExecutor.java:174)
at org.openqa.selenium.remote.RemoteWebDriver.execute(RemoteWebDriver.java:544)
at org.openqa.selenium.remote.ElementLocation$ElementFinder$2.findElement(ElementLocation.java:165)
at org.openqa.selenium.remote.ElementLocation.findElement(ElementLocation.java:59)
at org.openqa.selenium.remote.RemoteWebDriver.findElement(RemoteWebDriver.java:367)
at org.openqa.selenium.remote.RemoteWebDriver.findElement(RemoteWebDriver.java:361)
at org.openqa.selenium.support.pagefactory.DefaultElementLocator.findElement(DefaultElementLocator.java:68)
at org.openqa.selenium.support.pagefactory.AjaxElementLocator.access$001(AjaxElementLocator.java:39)
at org.openqa.selenium.support.pagefactory.AjaxElementLocator$SlowLoadingElement.isLoaded(AjaxElementLocator.java:157)
at org.openqa.selenium.support.ui.SlowLoadableComponent.get(SlowLoadableComponent.java:71)
at org.openqa.selenium.support.pagefactory.AjaxElementLocator.findElement(AjaxElementLocator.java:87)
... 39 more
... Removed 32 stack frames]]>
    </failure>
  </testcase> <!-- verifyAccUpdateFunctionality -->
</testsuite> <!-- Test -->
