<?xml version="1.0" encoding="UTF-8"?>
<testng-results ignored="0" total="5" passed="4" failed="1" skipped="0">
  <reporter-output>
  </reporter-output>
  <suite started-at="2025-07-09T15:32:47 IST" name="DDtSuite" finished-at="2025-07-09T15:35:21 IST" duration-ms="154871">
    <groups>
    </groups>
    <test started-at="2025-07-09T15:32:47 IST" name="Test" finished-at="2025-07-09T15:35:21 IST" duration-ms="154871">
      <class name="com.tests.scenario6.TC_01_DDT_ValidateLoginWithValidAndInvalidCredDataSet">
        <test-method is-config="true" signature="setUp(java.lang.String,java.lang.String)[pri:0, instance:com.tests.scenario6.TC_01_DDT_ValidateLoginWithValidAndInvalidCredDataSet@23bff419]" started-at="2025-07-09T15:32:47 IST" name="setUp" finished-at="2025-07-09T15:32:58 IST" duration-ms="11730" status="PASS">
          <params>
            <param index="0">
              <value>
                <![CDATA[Windows]]>
              </value>
            </param>
            <param index="1">
              <value>
                <![CDATA[chrome]]>
              </value>
            </param>
          </params>
          <reporter-output>
          </reporter-output>
        </test-method> <!-- setUp -->
        <test-method is-config="true" signature="setUpMethod(java.lang.String,java.lang.String)[pri:0, instance:com.tests.scenario6.TC_01_DDT_ValidateLoginWithValidAndInvalidCredDataSet@23bff419]" started-at="2025-07-09T15:32:58 IST" name="setUpMethod" finished-at="2025-07-09T15:32:58 IST" duration-ms="2" status="PASS">
          <params>
            <param index="0">
              <value>
                <![CDATA[Windows]]>
              </value>
            </param>
            <param index="1">
              <value>
                <![CDATA[chrome]]>
              </value>
            </param>
          </params>
          <reporter-output>
          </reporter-output>
        </test-method> <!-- setUpMethod -->
        <test-method signature="verifyLoginDDT(java.lang.String,java.lang.String,java.lang.String)[pri:0, instance:com.tests.scenario6.TC_01_DDT_ValidateLoginWithValidAndInvalidCredDataSet@23bff419]" started-at="2025-07-09T15:32:58 IST" name="verifyLoginDDT" data-provider="credentialData" finished-at="2025-07-09T15:33:14 IST" duration-ms="15337" status="PASS">
          <params>
            <param index="0">
              <value>
                <![CDATA[Valid]]>
              </value>
            </param>
            <param index="1">
              <value>
                <![CDATA[abc3@myorg.com]]>
              </value>
            </param>
            <param index="2">
              <value>
                <![CDATA[Abc@1234]]>
              </value>
            </param>
          </params>
          <reporter-output>
          </reporter-output>
        </test-method> <!-- verifyLoginDDT -->
        <test-method is-config="true" signature="tearDownMethod()[pri:0, instance:com.tests.scenario6.TC_01_DDT_ValidateLoginWithValidAndInvalidCredDataSet@23bff419]" started-at="2025-07-09T15:33:14 IST" name="tearDownMethod" finished-at="2025-07-09T15:33:15 IST" duration-ms="1731" status="PASS">
          <reporter-output>
          </reporter-output>
        </test-method> <!-- tearDownMethod -->
        <test-method is-config="true" signature="setUpMethod(java.lang.String,java.lang.String)[pri:0, instance:com.tests.scenario6.TC_01_DDT_ValidateLoginWithValidAndInvalidCredDataSet@23bff419]" started-at="2025-07-09T15:33:15 IST" name="setUpMethod" finished-at="2025-07-09T15:33:23 IST" duration-ms="8055" status="PASS">
          <params>
            <param index="0">
              <value>
                <![CDATA[Windows]]>
              </value>
            </param>
            <param index="1">
              <value>
                <![CDATA[chrome]]>
              </value>
            </param>
          </params>
          <reporter-output>
          </reporter-output>
        </test-method> <!-- setUpMethod -->
        <test-method signature="verifyLoginDDT(java.lang.String,java.lang.String,java.lang.String)[pri:0, instance:com.tests.scenario6.TC_01_DDT_ValidateLoginWithValidAndInvalidCredDataSet@23bff419]" started-at="2025-07-09T15:33:23 IST" name="verifyLoginDDT" data-provider="credentialData" finished-at="2025-07-09T15:33:35 IST" duration-ms="11338" status="PASS">
          <params>
            <param index="0">
              <value>
                <![CDATA[Invalid]]>
              </value>
            </param>
            <param index="1">
              <value>
                <![CDATA[mno@myorg.com]]>
              </value>
            </param>
            <param index="2">
              <value>
                <![CDATA[Abcxyz@123]]>
              </value>
            </param>
          </params>
          <reporter-output>
          </reporter-output>
        </test-method> <!-- verifyLoginDDT -->
        <test-method is-config="true" signature="tearDownMethod()[pri:0, instance:com.tests.scenario6.TC_01_DDT_ValidateLoginWithValidAndInvalidCredDataSet@23bff419]" started-at="2025-07-09T15:33:35 IST" name="tearDownMethod" finished-at="2025-07-09T15:33:35 IST" duration-ms="207" status="PASS">
          <reporter-output>
          </reporter-output>
        </test-method> <!-- tearDownMethod -->
        <test-method is-config="true" signature="setUpMethod(java.lang.String,java.lang.String)[pri:0, instance:com.tests.scenario6.TC_01_DDT_ValidateLoginWithValidAndInvalidCredDataSet@23bff419]" started-at="2025-07-09T15:33:35 IST" name="setUpMethod" finished-at="2025-07-09T15:33:46 IST" duration-ms="11351" status="PASS">
          <params>
            <param index="0">
              <value>
                <![CDATA[Windows]]>
              </value>
            </param>
            <param index="1">
              <value>
                <![CDATA[chrome]]>
              </value>
            </param>
          </params>
          <reporter-output>
          </reporter-output>
        </test-method> <!-- setUpMethod -->
        <test-method signature="verifyLoginDDT(java.lang.String,java.lang.String,java.lang.String)[pri:0, instance:com.tests.scenario6.TC_01_DDT_ValidateLoginWithValidAndInvalidCredDataSet@23bff419]" started-at="2025-07-09T15:33:46 IST" name="verifyLoginDDT" data-provider="credentialData" finished-at="2025-07-09T15:33:58 IST" duration-ms="11969" status="PASS">
          <params>
            <param index="0">
              <value>
                <![CDATA[Invalid]]>
              </value>
            </param>
            <param index="1">
              <value>
                <![CDATA[abc1@myorg.com]]>
              </value>
            </param>
            <param index="2">
              <value>
                <![CDATA[Abcasfds@133eq]]>
              </value>
            </param>
          </params>
          <reporter-output>
          </reporter-output>
        </test-method> <!-- verifyLoginDDT -->
        <test-method is-config="true" signature="tearDownMethod()[pri:0, instance:com.tests.scenario6.TC_01_DDT_ValidateLoginWithValidAndInvalidCredDataSet@23bff419]" started-at="2025-07-09T15:33:58 IST" name="tearDownMethod" finished-at="2025-07-09T15:33:59 IST" duration-ms="175" status="PASS">
          <reporter-output>
          </reporter-output>
        </test-method> <!-- tearDownMethod -->
        <test-method is-config="true" signature="setUpMethod(java.lang.String,java.lang.String)[pri:0, instance:com.tests.scenario6.TC_01_DDT_ValidateLoginWithValidAndInvalidCredDataSet@23bff419]" started-at="2025-07-09T15:33:59 IST" name="setUpMethod" finished-at="2025-07-09T15:34:07 IST" duration-ms="8674" status="PASS">
          <params>
            <param index="0">
              <value>
                <![CDATA[Windows]]>
              </value>
            </param>
            <param index="1">
              <value>
                <![CDATA[chrome]]>
              </value>
            </param>
          </params>
          <reporter-output>
          </reporter-output>
        </test-method> <!-- setUpMethod -->
        <test-method signature="verifyLoginDDT(java.lang.String,java.lang.String,java.lang.String)[pri:0, instance:com.tests.scenario6.TC_01_DDT_ValidateLoginWithValidAndInvalidCredDataSet@23bff419]" started-at="2025-07-09T15:34:07 IST" name="verifyLoginDDT" data-provider="credentialData" finished-at="2025-07-09T15:34:22 IST" duration-ms="14953" status="PASS">
          <params>
            <param index="0">
              <value>
                <![CDATA[Valid]]>
              </value>
            </param>
            <param index="1">
              <value>
                <![CDATA[roni_cost@example.com]]>
              </value>
            </param>
            <param index="2">
              <value>
                <![CDATA[roni_cost3@example.com]]>
              </value>
            </param>
          </params>
          <reporter-output>
          </reporter-output>
        </test-method> <!-- verifyLoginDDT -->
        <test-method is-config="true" signature="tearDownMethod()[pri:0, instance:com.tests.scenario6.TC_01_DDT_ValidateLoginWithValidAndInvalidCredDataSet@23bff419]" started-at="2025-07-09T15:34:22 IST" name="tearDownMethod" finished-at="2025-07-09T15:34:22 IST" duration-ms="210" status="PASS">
          <reporter-output>
          </reporter-output>
        </test-method> <!-- tearDownMethod -->
        <test-method is-config="true" signature="setUpMethod(java.lang.String,java.lang.String)[pri:0, instance:com.tests.scenario6.TC_01_DDT_ValidateLoginWithValidAndInvalidCredDataSet@23bff419]" started-at="2025-07-09T15:34:22 IST" name="setUpMethod" finished-at="2025-07-09T15:34:30 IST" duration-ms="8078" status="PASS">
          <params>
            <param index="0">
              <value>
                <![CDATA[Windows]]>
              </value>
            </param>
            <param index="1">
              <value>
                <![CDATA[chrome]]>
              </value>
            </param>
          </params>
          <reporter-output>
          </reporter-output>
        </test-method> <!-- setUpMethod -->
        <test-method signature="verifyLoginDDT(java.lang.String,java.lang.String,java.lang.String)[pri:0, instance:com.tests.scenario6.TC_01_DDT_ValidateLoginWithValidAndInvalidCredDataSet@23bff419]" started-at="2025-07-09T15:34:30 IST" name="verifyLoginDDT" data-provider="credentialData" finished-at="2025-07-09T15:35:21 IST" duration-ms="50691" status="FAIL">
          <params>
            <param index="0">
              <value>
                <![CDATA[Invalid]]>
              </value>
            </param>
            <param index="1">
              <value>
                <![CDATA[mno@myorg.com]]>
              </value>
            </param>
            <param index="2">
              <value>
                <![CDATA[Abc@1234]]>
              </value>
            </param>
          </params>
          <exception class="java.lang.RuntimeException">
            <message>
              <![CDATA[Test execution failed!]]>
            </message>
            <full-stacktrace>
              <![CDATA[java.lang.RuntimeException: Test execution failed!
at com.tests.scenario6.TC_01_DDT_ValidateLoginWithValidAndInvalidCredDataSet.verifyLoginDDT(TC_01_DDT_ValidateLoginWithValidAndInvalidCredDataSet.java:110)
at java.base/jdk.internal.reflect.DirectMethodHandleAccessor.invoke(DirectMethodHandleAccessor.java:103)
at java.base/java.lang.reflect.Method.invoke(Method.java:580)
at org.testng.internal.invokers.MethodInvocationHelper.invokeMethod(MethodInvocationHelper.java:141)
at org.testng.internal.invokers.TestInvoker.invokeMethod(TestInvoker.java:687)
at org.testng.internal.invokers.TestInvoker.invokeTestMethod(TestInvoker.java:230)
at org.testng.internal.invokers.MethodRunner.runInSequence(MethodRunner.java:63)
at org.testng.internal.invokers.TestInvoker$MethodInvocationAgent.invoke(TestInvoker.java:995)
at org.testng.internal.invokers.TestInvoker.invokeTestMethods(TestInvoker.java:203)
at org.testng.internal.invokers.TestMethodWorker.invokeTestMethods(TestMethodWorker.java:154)
at org.testng.internal.invokers.TestMethodWorker.run(TestMethodWorker.java:134)
at java.base/java.util.ArrayList.forEach(ArrayList.java:1596)
at org.testng.TestRunner.privateRun(TestRunner.java:741)
at org.testng.TestRunner.run(TestRunner.java:616)
at org.testng.SuiteRunner.runTest(SuiteRunner.java:421)
at org.testng.SuiteRunner.runSequentially(SuiteRunner.java:413)
at org.testng.SuiteRunner.privateRun(SuiteRunner.java:373)
at org.testng.SuiteRunner.run(SuiteRunner.java:312)
at org.testng.SuiteRunnerWorker.runSuite(SuiteRunnerWorker.java:52)
at org.testng.SuiteRunnerWorker.run(SuiteRunnerWorker.java:95)
at org.testng.TestNG.runSuitesSequentially(TestNG.java:1274)
at org.testng.TestNG.runSuitesLocally(TestNG.java:1208)
at org.testng.TestNG.runSuites(TestNG.java:1112)
at org.testng.TestNG.run(TestNG.java:1079)
at org.apache.maven.surefire.testng.TestNGExecutor.run(TestNGExecutor.java:308)
at org.apache.maven.surefire.testng.TestNGXmlTestSuite.execute(TestNGXmlTestSuite.java:71)
at org.apache.maven.surefire.testng.TestNGProvider.invoke(TestNGProvider.java:113)
at org.apache.maven.surefire.booter.ForkedBooter.runSuitesInProcess(ForkedBooter.java:385)
at org.apache.maven.surefire.booter.ForkedBooter.execute(ForkedBooter.java:162)
at org.apache.maven.surefire.booter.ForkedBooter.run(ForkedBooter.java:507)
at org.apache.maven.surefire.booter.ForkedBooter.main(ForkedBooter.java:495)
Caused by: org.openqa.selenium.TimeoutException: Expected condition failed: waiting for visibility of Proxy element for: AjaxElementLocator 'By.xpath: //div[contains(text(),'The account sign-in was incorrect or your account is disabled temporarily. Please wait and try again later.')]' (tried for 20 second(s) with 500 milliseconds interval)
at org.openqa.selenium.support.ui.WebDriverWait.timeoutException(WebDriverWait.java:84)
at org.openqa.selenium.support.ui.FluentWait.until(FluentWait.java:228)
at com.pageObjects.BasePage.waitForVisibility(BasePage.java:59)
at com.pageObjects.LoginPage.isSignInErrorMsgDisplayed(LoginPage.java:59)
at com.tests.scenario6.TC_01_DDT_ValidateLoginWithValidAndInvalidCredDataSet.verifyLoginDDT(TC_01_DDT_ValidateLoginWithValidAndInvalidCredDataSet.java:97)
... 30 more
Caused by: org.openqa.selenium.NoSuchElementException: Timed out after 15 seconds. Unable to locate the element
at org.openqa.selenium.support.pagefactory.AjaxElementLocator.findElement(AjaxElementLocator.java:91)
at org.openqa.selenium.support.pagefactory.internal.LocatingElementHandler.invoke(LocatingElementHandler.java:38)
at jdk.proxy2/jdk.proxy2.$Proxy32.isDisplayed(Unknown Source)
at org.openqa.selenium.support.ui.ExpectedConditions.elementIfVisible(ExpectedConditions.java:304)
at org.openqa.selenium.support.ui.ExpectedConditions$10.apply(ExpectedConditions.java:290)
at org.openqa.selenium.support.ui.ExpectedConditions$10.apply(ExpectedConditions.java:287)
at org.openqa.selenium.support.ui.FluentWait.until(FluentWait.java:203)
... 33 more
Caused by: org.openqa.selenium.NoSuchElementException: no such element: Unable to locate element: {"method":"xpath","selector":"//div[contains(text(),'The account sign-in was incorrect or your account is disabled temporarily. Please wait and try again later.')]"}
  (Session info: chrome=137.0.7151.122)
For documentation on this error, please visit: https://www.selenium.dev/documentation/webdriver/troubleshooting/errors#no-such-element-exception
Build info: version: '4.33.0', revision: '2c6aaad03a'
System info: os.name: 'Windows 11', os.arch: 'amd64', os.version: '10.0', java.version: '21.0.7'
Driver info: org.openqa.selenium.chrome.ChromeDriver
Command: [c2adcdbbedef8a01792791425f788b06, findElement {value=//div[contains(text(),'The account sign-in was incorrect or your account is disabled temporarily. Please wait and try again later.')], using=xpath}]
Capabilities {acceptInsecureCerts: false, browserName: chrome, browserVersion: 137.0.7151.122, chrome: {chromedriverVersion: 137.0.7151.119 (e0ac9d12dff..., userDataDir: C:\Users\kaingale\AppData\L...}, fedcm:accounts: true, goog:chromeOptions: {debuggerAddress: localhost:65337}, networkConnectionEnabled: false, pageLoadStrategy: normal, platformName: windows, proxy: Proxy(), se:cdp: ws://localhost:65337/devtoo..., se:cdpVersion: 137.0.7151.122, setWindowRect: true, strictFileInteractability: false, timeouts: {implicit: 0, pageLoad: 300000, script: 30000}, unhandledPromptBehavior: dismiss and notify, webauthn:extension:credBlob: true, webauthn:extension:largeBlob: true, webauthn:extension:minPinLength: true, webauthn:extension:prf: true, webauthn:virtualAuthenticators: true}
Session ID: c2adcdbbedef8a01792791425f788b06
at java.base/jdk.internal.reflect.DirectConstructorHandleAccessor.newInstance(DirectConstructorHandleAccessor.java:62)
at java.base/java.lang.reflect.Constructor.newInstanceWithCaller(Constructor.java:502)
at java.base/java.lang.reflect.Constructor.newInstance(Constructor.java:486)
at org.openqa.selenium.remote.ErrorCodec.decode(ErrorCodec.java:167)
at org.openqa.selenium.remote.codec.w3c.W3CHttpResponseCodec.decode(W3CHttpResponseCodec.java:138)
at org.openqa.selenium.remote.codec.w3c.W3CHttpResponseCodec.decode(W3CHttpResponseCodec.java:50)
at org.openqa.selenium.remote.HttpCommandExecutor.execute(HttpCommandExecutor.java:215)
at org.openqa.selenium.remote.service.DriverCommandExecutor.invokeExecute(DriverCommandExecutor.java:216)
at org.openqa.selenium.remote.service.DriverCommandExecutor.execute(DriverCommandExecutor.java:174)
at org.openqa.selenium.remote.RemoteWebDriver.execute(RemoteWebDriver.java:544)
at org.openqa.selenium.remote.ElementLocation$ElementFinder$2.findElement(ElementLocation.java:165)
at org.openqa.selenium.remote.ElementLocation.findElement(ElementLocation.java:59)
at org.openqa.selenium.remote.RemoteWebDriver.findElement(RemoteWebDriver.java:367)
at org.openqa.selenium.remote.RemoteWebDriver.findElement(RemoteWebDriver.java:361)
at org.openqa.selenium.support.pagefactory.DefaultElementLocator.findElement(DefaultElementLocator.java:68)
at org.openqa.selenium.support.pagefactory.AjaxElementLocator.access$001(AjaxElementLocator.java:39)
at org.openqa.selenium.support.pagefactory.AjaxElementLocator$SlowLoadingElement.isLoaded(AjaxElementLocator.java:157)
at org.openqa.selenium.support.ui.SlowLoadableComponent.get(SlowLoadableComponent.java:71)
at org.openqa.selenium.support.pagefactory.AjaxElementLocator.findElement(AjaxElementLocator.java:87)
... 39 more
]]>
            </full-stacktrace>
          </exception> <!-- java.lang.RuntimeException -->
          <reporter-output>
          </reporter-output>
        </test-method> <!-- verifyLoginDDT -->
        <test-method is-config="true" signature="tearDownMethod()[pri:0, instance:com.tests.scenario6.TC_01_DDT_ValidateLoginWithValidAndInvalidCredDataSet@23bff419]" started-at="2025-07-09T15:35:21 IST" name="tearDownMethod" finished-at="2025-07-09T15:35:21 IST" duration-ms="135" status="PASS">
          <reporter-output>
          </reporter-output>
        </test-method> <!-- tearDownMethod -->
        <test-method is-config="true" signature="tearDown()[pri:0, instance:com.tests.scenario6.TC_01_DDT_ValidateLoginWithValidAndInvalidCredDataSet@23bff419]" started-at="2025-07-09T15:35:21 IST" name="tearDown" finished-at="2025-07-09T15:35:21 IST" duration-ms="0" status="PASS">
          <reporter-output>
          </reporter-output>
        </test-method> <!-- tearDown -->
      </class> <!-- com.tests.scenario6.TC_01_DDT_ValidateLoginWithValidAndInvalidCredDataSet -->
    </test> <!-- Test -->
  </suite> <!-- DDtSuite -->
</testng-results>
