<?xml version="1.0" encoding="UTF-8"?>
<!-- Generated by org.testng.reporters.JUnitXMLReporter -->
<testsuite ignored="0" hostname="USPUNKAINGAL12" failures="0" tests="2" name="Test" time="0.065" errors="0" timestamp="2025-07-09T16:17:53 IST">
  <testcase classname="com.tests.BaseTest" name="@BeforeClass setUp" time="0.013">
    <failure type="java.lang.IllegalArgumentException" message="wrong number of arguments: 2 expected: 3">
      <![CDATA[java.lang.IllegalArgumentException: wrong number of arguments: 2 expected: 3
at java.base/java.util.ArrayList.forEach(ArrayList.java:1596)
... Removed 24 stack frames]]>
    </failure>
  </testcase> <!-- @BeforeClass setUp -->
  <testcase classname="com.tests.BaseTest" name="@AfterClass tearDown" time="0.0">
    <skipped/>
  </testcase> <!-- @AfterClass tearDown -->
  <testcase classname="com.tests.BaseTest" name="@BeforeClass setUp" time="0.0">
    <failure type="java.lang.IllegalArgumentException" message="wrong number of arguments: 2 expected: 3">
      <![CDATA[java.lang.IllegalArgumentException: wrong number of arguments: 2 expected: 3
at java.base/java.util.ArrayList.forEach(ArrayList.java:1596)
... Removed 24 stack frames]]>
    </failure>
  </testcase> <!-- @BeforeClass setUp -->
  <testcase classname="com.tests.BaseTest" name="@AfterClass tearDown" time="0.0">
    <skipped/>
  </testcase> <!-- @AfterClass tearDown -->
  <testcase classname="com.tests.scenario2.TC_02_LoginFunc_LoginUsingInValidCredsTest" name="verifyLoginUsingInValidCreds" time="0.0">
    <skipped/>
  </testcase> <!-- verifyLoginUsingInValidCreds -->
  <testcase classname="com.tests.scenario3.TC_01_ProdSearchFunc_ProductSearchValidationTest" name="verifyProductSearchFunctionalityTest" time="0.0">
    <skipped/>
  </testcase> <!-- verifyProductSearchFunctionalityTest -->
</testsuite> <!-- Test -->
